<?xml version="1.0" encoding="UTF-8"?>
<testsuite name="CarTest" tests="2" skipped="0" failures="0" errors="0" timestamp="2019-11-23T06:44:52" hostname="DESKTOP-OA6J7FN" time="0.03">
  <properties/>
  <testcase name="자동차_미국타이어_정착_타이어브랜드_테스트" classname="CarTest" time="0.006"/>
  <testcase name="자동차_코리아타이어_장착_타이어브랜드_테스트" classname="CarTest" time="0.023"/>
  <system-out><![CDATA[]]></system-out>
  <system-err><![CDATA[]]></system-err>
</testsuite>
